<?xml version="1.0" encoding="UTF-8"?>
<robot generator="Robot 4.1 (Python 3.9.6 on win32)" generated="20211024 16:13:58.995" rpa="false" schemaversion="2">
<suite id="s1" name="Mobileautomation" source="C:\estudos\Teste Mobile\tests\mobileautomation.robot">
<test id="s1-t1" name="Caso de Teste 01: Logar no YouTube">
<kw name="Abrir aplicativo" library="hooks" type="SETUP">
<kw name="Set Appium Timeout" library="AppiumLibrary">
<arg>60</arg>
<doc>Sets the timeout in seconds used by various keywords.</doc>
<status status="PASS" starttime="20211024 16:13:59.221" endtime="20211024 16:13:59.221"/>
</kw>
<kw name="Open Application" library="AppiumLibrary">
<arg>${CELULAR}</arg>
<arg>platformName=Android</arg>
<arg>deviceName=R9QR1042KJW</arg>
<arg>automationName=uiautomator2</arg>
<arg>appPackage=com.google.android.youtube</arg>
<arg>appActivity=com.google.android.youtube.HomeActivity</arg>
<arg>autoGrantPermissions=true</arg>
<doc>Opens a new application to given Appium server.
Capabilities of appium server, Android and iOS,
Please check https://github.com/appium/appium/blob/master/docs/en/writing-running-appium/server-args.md
| *Option*            | *Man.* | *Description*     |
| remote_url          | Yes    | Appium server url |
| alias               | no     | alias             |</doc>
<status status="PASS" starttime="20211024 16:13:59.222" endtime="20211024 16:14:14.591"/>
</kw>
<status status="PASS" starttime="20211024 16:13:59.221" endtime="20211024 16:14:14.591"/>
</kw>
<kw name="Dado que o cliente esteja na tela de Home do YouTube" library="kws_mobileautomation">
<kw name="Wait Until Element Is Visible" library="AppiumLibrary">
<arg>xpath=${HOME.BTN_INICIO}</arg>
<doc>Waits until element specified with `locator` is visible.</doc>
<status status="PASS" starttime="20211024 16:14:14.592" endtime="20211024 16:14:18.009"/>
</kw>
<kw name="Wait Until Element Is Visible" library="AppiumLibrary">
<arg>accessibility_id=${HOME.ELEMENT_PAGE_HOME}</arg>
<doc>Waits until element specified with `locator` is visible.</doc>
<status status="PASS" starttime="20211024 16:14:18.009" endtime="20211024 16:14:18.093"/>
</kw>
<status status="PASS" starttime="20211024 16:14:14.591" endtime="20211024 16:14:18.093"/>
</kw>
<kw name="E logue no aplicativo com a conta &quot;testerobotframework@gmail.com&quot;" library="kws_mobileautomation" sourcename="E logue no aplicativo com a conta &quot;${EMAIL}&quot;">
<kw name="Click Element" library="AppiumLibrary">
<arg>accessibility_id=${USER.BTN_ACCOUNT}</arg>
<doc>Click element identified by `locator`.</doc>
<msg timestamp="20211024 16:14:18.096" level="INFO">Clicking element 'accessibility_id=Conta'.</msg>
<status status="PASS" starttime="20211024 16:14:18.094" endtime="20211024 16:14:18.222"/>
</kw>
<kw name="Wait Until Page Contains Element" library="AppiumLibrary">
<arg>xpath=${USER.BTN_LOGIN}</arg>
<arg>5s</arg>
<doc>Waits until element specified with `locator` appears on current page.</doc>
<status status="PASS" starttime="20211024 16:14:18.222" endtime="20211024 16:14:18.539"/>
</kw>
<kw name="Click Element" library="AppiumLibrary">
<arg>xpath=${USER.BTN_LOGIN}</arg>
<doc>Click element identified by `locator`.</doc>
<msg timestamp="20211024 16:14:18.543" level="INFO">Clicking element 'xpath=//*[contains(@text,'FAZER LOGIN')]'.</msg>
<status status="PASS" starttime="20211024 16:14:18.539" endtime="20211024 16:14:19.135"/>
</kw>
<kw name="Wait Until Page Contains Element" library="AppiumLibrary">
<arg>xpath=${USER.BTN_ADD_ACCOUNT}</arg>
<arg>5s</arg>
<doc>Waits until element specified with `locator` appears on current page.</doc>
<status status="PASS" starttime="20211024 16:14:19.135" endtime="20211024 16:14:19.928"/>
</kw>
<kw name="Click Element" library="AppiumLibrary">
<arg>xpath=${USER.BTN_ADD_ACCOUNT}</arg>
<doc>Click element identified by `locator`.</doc>
<msg timestamp="20211024 16:14:19.930" level="INFO">Clicking element 'xpath=//*[contains(@text,'Adicionar conta')]'.</msg>
<status status="PASS" starttime="20211024 16:14:19.928" endtime="20211024 16:14:20.215"/>
</kw>
<kw name="Wait Until Page Contains Element" library="AppiumLibrary">
<arg>class=${USER.INPUT_TEXT}</arg>
<arg>10s</arg>
<doc>Waits until element specified with `locator` appears on current page.</doc>
<status status="PASS" starttime="20211024 16:14:20.215" endtime="20211024 16:14:27.546"/>
</kw>
<kw name="Click Element" library="AppiumLibrary">
<arg>class=${USER.INPUT_TEXT}</arg>
<doc>Click element identified by `locator`.</doc>
<msg timestamp="20211024 16:14:27.549" level="INFO">Clicking element 'class=android.widget.EditText'.</msg>
<status status="PASS" starttime="20211024 16:14:27.546" endtime="20211024 16:14:29.185"/>
</kw>
<kw name="Input Text" library="AppiumLibrary">
<arg>class=${USER.INPUT_TEXT}</arg>
<arg>${EMAIL}</arg>
<doc>Types the given `text` into text field identified by `locator`.</doc>
<msg timestamp="20211024 16:14:29.187" level="INFO">Typing text 'testerobotframework@gmail.com' into text field 'class=android.widget.EditText'</msg>
<status status="PASS" starttime="20211024 16:14:29.186" endtime="20211024 16:14:30.732"/>
</kw>
<kw name="Click Element" library="AppiumLibrary">
<arg>xpath=${USER.BTN_NEXT}</arg>
<doc>Click element identified by `locator`.</doc>
<msg timestamp="20211024 16:14:30.734" level="INFO">Clicking element 'xpath=//*[contains(@text,'Próxima')]'.</msg>
<status status="PASS" starttime="20211024 16:14:30.732" endtime="20211024 16:14:31.318"/>
</kw>
<kw name="Wait Until Page Contains Element" library="AppiumLibrary">
<arg>xpath=${USER.SHOW_PASSWD}</arg>
<arg>5s</arg>
<doc>Waits until element specified with `locator` appears on current page.</doc>
<status status="PASS" starttime="20211024 16:14:31.318" endtime="20211024 16:14:34.579"/>
</kw>
<kw name="Click Element" library="AppiumLibrary">
<arg>class=${USER.INPUT_TEXT}</arg>
<doc>Click element identified by `locator`.</doc>
<msg timestamp="20211024 16:14:34.581" level="INFO">Clicking element 'class=android.widget.EditText'.</msg>
<status status="PASS" starttime="20211024 16:14:34.579" endtime="20211024 16:14:34.668"/>
</kw>
<kw name="Input Text" library="AppiumLibrary">
<arg>class=${USER.INPUT_TEXT}</arg>
<arg>${SENHA}</arg>
<doc>Types the given `text` into text field identified by `locator`.</doc>
<msg timestamp="20211024 16:14:34.670" level="INFO">Typing text 'robot123456' into text field 'class=android.widget.EditText'</msg>
<status status="PASS" starttime="20211024 16:14:34.668" endtime="20211024 16:14:35.205"/>
</kw>
<kw name="Click Element" library="AppiumLibrary">
<arg>xpath=${USER.BTN_NEXT}</arg>
<doc>Click element identified by `locator`.</doc>
<msg timestamp="20211024 16:14:35.207" level="INFO">Clicking element 'xpath=//*[contains(@text,'Próxima')]'.</msg>
<status status="PASS" starttime="20211024 16:14:35.205" endtime="20211024 16:14:35.787"/>
</kw>
<kw name="Wait Until Page Contains Element" library="AppiumLibrary">
<arg>xpath=${USER.TXT_AGREE}</arg>
<arg>5s</arg>
<doc>Waits until element specified with `locator` appears on current page.</doc>
<status status="PASS" starttime="20211024 16:14:35.787" endtime="20211024 16:14:38.547"/>
</kw>
<kw name="Click Element" library="AppiumLibrary">
<arg>xpath=${USER.BTN_AGREE}</arg>
<doc>Click element identified by `locator`.</doc>
<msg timestamp="20211024 16:14:38.548" level="INFO">Clicking element 'xpath=/hierarchy/android.widget.FrameLayout/android.widget.LinearLayout/android.widget.FrameLayout/android.widget.FrameLayout/android.widget.FrameLayout/android.widget.FrameLayout/android.widget.FrameLayout/android.widget.LinearLayout/android.widget.FrameLayout/android.webkit.WebView/android.webkit.WebView/android.view.View/android.view.View[4]'.</msg>
<status status="PASS" starttime="20211024 16:14:38.547" endtime="20211024 16:14:38.667"/>
</kw>
<kw name="Wait Until Page Contains Element" library="AppiumLibrary">
<arg>xpath=${USER.BTN_MORE}</arg>
<arg>5s</arg>
<doc>Waits until element specified with `locator` appears on current page.</doc>
<status status="PASS" starttime="20211024 16:14:38.667" endtime="20211024 16:14:42.930"/>
</kw>
<kw name="Click Element" library="AppiumLibrary">
<arg>xpath=${USER.BTN_MORE}</arg>
<doc>Click element identified by `locator`.</doc>
<msg timestamp="20211024 16:14:42.935" level="INFO">Clicking element 'xpath=//*[contains(@text,'MAIS')]'.</msg>
<status status="PASS" starttime="20211024 16:14:42.931" endtime="20211024 16:14:43.092"/>
</kw>
<kw name="Wait Until Page Contains Element" library="AppiumLibrary">
<arg>xpath=${USER.BTN_ACCEPT}</arg>
<arg>5s</arg>
<doc>Waits until element specified with `locator` appears on current page.</doc>
<status status="PASS" starttime="20211024 16:14:43.092" endtime="20211024 16:14:43.805"/>
</kw>
<kw name="Click Element" library="AppiumLibrary">
<arg>xpath=${USER.BTN_ACCEPT}</arg>
<doc>Click element identified by `locator`.</doc>
<msg timestamp="20211024 16:14:43.808" level="INFO">Clicking element 'xpath=//*[contains(@text,'ACEITAR')]'.</msg>
<status status="PASS" starttime="20211024 16:14:43.805" endtime="20211024 16:14:43.970"/>
</kw>
<kw name="Wait Until Page Contains Element" library="AppiumLibrary">
<arg>accessibility_id=${HOME.ELEMENT_PAGE_HOME}</arg>
<arg>10s</arg>
<doc>Waits until element specified with `locator` appears on current page.</doc>
<status status="PASS" starttime="20211024 16:14:43.970" endtime="20211024 16:14:50.392"/>
</kw>
<kw name="Wait Until Element Is Visible" library="AppiumLibrary">
<arg>xpath=${HOME.BTN_INICIO}</arg>
<doc>Waits until element specified with `locator` is visible.</doc>
<status status="PASS" starttime="20211024 16:14:50.392" endtime="20211024 16:14:50.662"/>
</kw>
<status status="PASS" starttime="20211024 16:14:18.094" endtime="20211024 16:14:50.662"/>
</kw>
<kw name="Fechar aplicativo" library="hooks" type="TEARDOWN">
<kw name="Capture Page Screenshot" library="AppiumLibrary">
<doc>Takes a screenshot of the current page and embeds it into the log.</doc>
<msg timestamp="20211024 16:14:52.238" level="INFO" html="true">&lt;/td&gt;&lt;/tr&gt;&lt;tr&gt;&lt;td colspan="3"&gt;&lt;a href="appium-screenshot-1.png"&gt;&lt;img src="appium-screenshot-1.png" width="800px"&gt;&lt;/a&gt;</msg>
<status status="PASS" starttime="20211024 16:14:50.664" endtime="20211024 16:14:52.239"/>
</kw>
<kw name="Close Application" library="AppiumLibrary">
<doc>Closes the current application and also close webdriver session.</doc>
<status status="PASS" starttime="20211024 16:14:52.239" endtime="20211024 16:14:53.550"/>
</kw>
<status status="PASS" starttime="20211024 16:14:50.663" endtime="20211024 16:14:53.551"/>
</kw>
<tag>LOGAR</tag>
<status status="PASS" starttime="20211024 16:13:59.220" endtime="20211024 16:14:53.551"/>
</test>
<test id="s1-t2" name="Caso de Teste 02: Usar método Swipe na tela">
<kw name="Abrir aplicativo" library="hooks" type="SETUP">
<kw name="Set Appium Timeout" library="AppiumLibrary">
<arg>60</arg>
<doc>Sets the timeout in seconds used by various keywords.</doc>
<status status="PASS" starttime="20211024 16:14:53.553" endtime="20211024 16:14:53.553"/>
</kw>
<kw name="Open Application" library="AppiumLibrary">
<arg>${CELULAR}</arg>
<arg>platformName=Android</arg>
<arg>deviceName=R9QR1042KJW</arg>
<arg>automationName=uiautomator2</arg>
<arg>appPackage=com.google.android.youtube</arg>
<arg>appActivity=com.google.android.youtube.HomeActivity</arg>
<arg>autoGrantPermissions=true</arg>
<doc>Opens a new application to given Appium server.
Capabilities of appium server, Android and iOS,
Please check https://github.com/appium/appium/blob/master/docs/en/writing-running-appium/server-args.md
| *Option*            | *Man.* | *Description*     |
| remote_url          | Yes    | Appium server url |
| alias               | no     | alias             |</doc>
<status status="PASS" starttime="20211024 16:14:53.553" endtime="20211024 16:15:07.509"/>
</kw>
<status status="PASS" starttime="20211024 16:14:53.552" endtime="20211024 16:15:07.510"/>
</kw>
<kw name="Dado que o cliente esteja na tela de Home do YouTube" library="kws_mobileautomation">
<kw name="Wait Until Element Is Visible" library="AppiumLibrary">
<arg>xpath=${HOME.BTN_INICIO}</arg>
<doc>Waits until element specified with `locator` is visible.</doc>
<status status="PASS" starttime="20211024 16:15:07.511" endtime="20211024 16:15:12.029"/>
</kw>
<kw name="Wait Until Element Is Visible" library="AppiumLibrary">
<arg>accessibility_id=${HOME.ELEMENT_PAGE_HOME}</arg>
<doc>Waits until element specified with `locator` is visible.</doc>
<status status="PASS" starttime="20211024 16:15:12.029" endtime="20211024 16:15:12.123"/>
</kw>
<status status="PASS" starttime="20211024 16:15:07.510" endtime="20211024 16:15:12.123"/>
</kw>
<kw name="Quando o cliente entrar no menu &quot;Explorar&quot;" library="kws_mobileautomation">
<kw name="Click Element" library="AppiumLibrary">
<arg>xpath=${EXPLORAR.BTN_EXPLORAR}</arg>
<doc>Click element identified by `locator`.</doc>
<msg timestamp="20211024 16:15:12.126" level="INFO">Clicking element 'xpath=//*[contains(@text,'Explorar')]'.</msg>
<status status="PASS" starttime="20211024 16:15:12.124" endtime="20211024 16:15:13.618"/>
</kw>
<status status="PASS" starttime="20211024 16:15:12.124" endtime="20211024 16:15:13.618"/>
</kw>
<kw name="E usar o swipe da tela até o décimo item da tela" library="kws_mobileautomation">
<kw name="Wait Until Element Is Visible" library="AppiumLibrary">
<arg>class=${EXPLORAR.VIEW}</arg>
<doc>Waits until element specified with `locator` is visible.</doc>
<status status="PASS" starttime="20211024 16:15:13.619" endtime="20211024 16:15:14.245"/>
</kw>
<for flavor="IN RANGE">
<var>${x}</var>
<value>0</value>
<value>10</value>
<iter>
<var name="${x}">0</var>
<kw name="Swipe" library="AppiumLibrary">
<arg>580</arg>
<arg>1500</arg>
<arg>580</arg>
<arg>700</arg>
<doc>Swipe from one point to another point, for an optional duration.</doc>
<status status="PASS" starttime="20211024 16:15:14.246" endtime="20211024 16:15:15.773"/>
</kw>
<kw name="Sleep" library="BuiltIn">
<arg>1</arg>
<doc>Pauses the test executed for the given time.</doc>
<msg timestamp="20211024 16:15:16.774" level="INFO">Slept 1 second</msg>
<status status="PASS" starttime="20211024 16:15:15.773" endtime="20211024 16:15:16.774"/>
</kw>
<status status="PASS" starttime="20211024 16:15:14.246" endtime="20211024 16:15:16.774"/>
</iter>
<iter>
<var name="${x}">1</var>
<kw name="Swipe" library="AppiumLibrary">
<arg>580</arg>
<arg>1500</arg>
<arg>580</arg>
<arg>700</arg>
<doc>Swipe from one point to another point, for an optional duration.</doc>
<status status="PASS" starttime="20211024 16:15:16.774" endtime="20211024 16:15:18.219"/>
</kw>
<kw name="Sleep" library="BuiltIn">
<arg>1</arg>
<doc>Pauses the test executed for the given time.</doc>
<msg timestamp="20211024 16:15:19.221" level="INFO">Slept 1 second</msg>
<status status="PASS" starttime="20211024 16:15:18.219" endtime="20211024 16:15:19.221"/>
</kw>
<status status="PASS" starttime="20211024 16:15:16.774" endtime="20211024 16:15:19.221"/>
</iter>
<iter>
<var name="${x}">2</var>
<kw name="Swipe" library="AppiumLibrary">
<arg>580</arg>
<arg>1500</arg>
<arg>580</arg>
<arg>700</arg>
<doc>Swipe from one point to another point, for an optional duration.</doc>
<status status="PASS" starttime="20211024 16:15:19.221" endtime="20211024 16:15:20.872"/>
</kw>
<kw name="Sleep" library="BuiltIn">
<arg>1</arg>
<doc>Pauses the test executed for the given time.</doc>
<msg timestamp="20211024 16:15:21.874" level="INFO">Slept 1 second</msg>
<status status="PASS" starttime="20211024 16:15:20.872" endtime="20211024 16:15:21.874"/>
</kw>
<status status="PASS" starttime="20211024 16:15:19.221" endtime="20211024 16:15:21.874"/>
</iter>
<iter>
<var name="${x}">3</var>
<kw name="Swipe" library="AppiumLibrary">
<arg>580</arg>
<arg>1500</arg>
<arg>580</arg>
<arg>700</arg>
<doc>Swipe from one point to another point, for an optional duration.</doc>
<status status="PASS" starttime="20211024 16:15:21.874" endtime="20211024 16:15:23.580"/>
</kw>
<kw name="Sleep" library="BuiltIn">
<arg>1</arg>
<doc>Pauses the test executed for the given time.</doc>
<msg timestamp="20211024 16:15:24.582" level="INFO">Slept 1 second</msg>
<status status="PASS" starttime="20211024 16:15:23.581" endtime="20211024 16:15:24.582"/>
</kw>
<status status="PASS" starttime="20211024 16:15:21.874" endtime="20211024 16:15:24.582"/>
</iter>
<iter>
<var name="${x}">4</var>
<kw name="Swipe" library="AppiumLibrary">
<arg>580</arg>
<arg>1500</arg>
<arg>580</arg>
<arg>700</arg>
<doc>Swipe from one point to another point, for an optional duration.</doc>
<status status="PASS" starttime="20211024 16:15:24.582" endtime="20211024 16:15:26.072"/>
</kw>
<kw name="Sleep" library="BuiltIn">
<arg>1</arg>
<doc>Pauses the test executed for the given time.</doc>
<msg timestamp="20211024 16:15:27.072" level="INFO">Slept 1 second</msg>
<status status="PASS" starttime="20211024 16:15:26.072" endtime="20211024 16:15:27.072"/>
</kw>
<status status="PASS" starttime="20211024 16:15:24.582" endtime="20211024 16:15:27.072"/>
</iter>
<iter>
<var name="${x}">5</var>
<kw name="Swipe" library="AppiumLibrary">
<arg>580</arg>
<arg>1500</arg>
<arg>580</arg>
<arg>700</arg>
<doc>Swipe from one point to another point, for an optional duration.</doc>
<status status="PASS" starttime="20211024 16:15:27.072" endtime="20211024 16:15:28.442"/>
</kw>
<kw name="Sleep" library="BuiltIn">
<arg>1</arg>
<doc>Pauses the test executed for the given time.</doc>
<msg timestamp="20211024 16:15:29.443" level="INFO">Slept 1 second</msg>
<status status="PASS" starttime="20211024 16:15:28.442" endtime="20211024 16:15:29.443"/>
</kw>
<status status="PASS" starttime="20211024 16:15:27.072" endtime="20211024 16:15:29.443"/>
</iter>
<iter>
<var name="${x}">6</var>
<kw name="Swipe" library="AppiumLibrary">
<arg>580</arg>
<arg>1500</arg>
<arg>580</arg>
<arg>700</arg>
<doc>Swipe from one point to another point, for an optional duration.</doc>
<status status="PASS" starttime="20211024 16:15:29.443" endtime="20211024 16:15:30.838"/>
</kw>
<kw name="Sleep" library="BuiltIn">
<arg>1</arg>
<doc>Pauses the test executed for the given time.</doc>
<msg timestamp="20211024 16:15:31.839" level="INFO">Slept 1 second</msg>
<status status="PASS" starttime="20211024 16:15:30.838" endtime="20211024 16:15:31.839"/>
</kw>
<status status="PASS" starttime="20211024 16:15:29.443" endtime="20211024 16:15:31.839"/>
</iter>
<iter>
<var name="${x}">7</var>
<kw name="Swipe" library="AppiumLibrary">
<arg>580</arg>
<arg>1500</arg>
<arg>580</arg>
<arg>700</arg>
<doc>Swipe from one point to another point, for an optional duration.</doc>
<status status="PASS" starttime="20211024 16:15:31.839" endtime="20211024 16:15:33.473"/>
</kw>
<kw name="Sleep" library="BuiltIn">
<arg>1</arg>
<doc>Pauses the test executed for the given time.</doc>
<msg timestamp="20211024 16:15:34.473" level="INFO">Slept 1 second</msg>
<status status="PASS" starttime="20211024 16:15:33.473" endtime="20211024 16:15:34.473"/>
</kw>
<status status="PASS" starttime="20211024 16:15:31.839" endtime="20211024 16:15:34.473"/>
</iter>
<iter>
<var name="${x}">8</var>
<kw name="Swipe" library="AppiumLibrary">
<arg>580</arg>
<arg>1500</arg>
<arg>580</arg>
<arg>700</arg>
<doc>Swipe from one point to another point, for an optional duration.</doc>
<status status="PASS" starttime="20211024 16:15:34.473" endtime="20211024 16:15:35.956"/>
</kw>
<kw name="Sleep" library="BuiltIn">
<arg>1</arg>
<doc>Pauses the test executed for the given time.</doc>
<msg timestamp="20211024 16:15:36.957" level="INFO">Slept 1 second</msg>
<status status="PASS" starttime="20211024 16:15:35.956" endtime="20211024 16:15:36.957"/>
</kw>
<status status="PASS" starttime="20211024 16:15:34.473" endtime="20211024 16:15:36.957"/>
</iter>
<iter>
<var name="${x}">9</var>
<kw name="Swipe" library="AppiumLibrary">
<arg>580</arg>
<arg>1500</arg>
<arg>580</arg>
<arg>700</arg>
<doc>Swipe from one point to another point, for an optional duration.</doc>
<status status="PASS" starttime="20211024 16:15:36.957" endtime="20211024 16:15:38.469"/>
</kw>
<kw name="Sleep" library="BuiltIn">
<arg>1</arg>
<doc>Pauses the test executed for the given time.</doc>
<msg timestamp="20211024 16:15:39.470" level="INFO">Slept 1 second</msg>
<status status="PASS" starttime="20211024 16:15:38.469" endtime="20211024 16:15:39.470"/>
</kw>
<status status="PASS" starttime="20211024 16:15:36.957" endtime="20211024 16:15:39.470"/>
</iter>
<status status="PASS" starttime="20211024 16:15:14.246" endtime="20211024 16:15:39.470"/>
</for>
<status status="PASS" starttime="20211024 16:15:13.619" endtime="20211024 16:15:39.470"/>
</kw>
<kw name="E clicar no vídeo" library="kws_mobileautomation">
<kw name="Click Element At Coordinates" library="AppiumLibrary">
<arg>497</arg>
<arg>676</arg>
<doc>click element at a certain coordinate</doc>
<msg timestamp="20211024 16:15:39.472" level="INFO">Pressing at (497, 676).</msg>
<status status="PASS" starttime="20211024 16:15:39.471" endtime="20211024 16:15:39.624"/>
</kw>
<status status="PASS" starttime="20211024 16:15:39.471" endtime="20211024 16:15:39.624"/>
</kw>
<kw name="Então o vídeo deverá abrir o vídeo para o cliente" library="kws_mobileautomation">
<kw name="Wait Until Page Contains Element" library="AppiumLibrary">
<arg>xpath=${EXPLORAR.TOP_10}</arg>
<arg>10s</arg>
<doc>Waits until element specified with `locator` appears on current page.</doc>
<status status="PASS" starttime="20211024 16:15:39.625" endtime="20211024 16:15:44.477"/>
</kw>
<status status="PASS" starttime="20211024 16:15:39.625" endtime="20211024 16:15:44.477"/>
</kw>
<kw name="Fechar aplicativo" library="hooks" type="TEARDOWN">
<kw name="Capture Page Screenshot" library="AppiumLibrary">
<doc>Takes a screenshot of the current page and embeds it into the log.</doc>
<msg timestamp="20211024 16:15:45.690" level="INFO" html="true">&lt;/td&gt;&lt;/tr&gt;&lt;tr&gt;&lt;td colspan="3"&gt;&lt;a href="appium-screenshot-2.png"&gt;&lt;img src="appium-screenshot-2.png" width="800px"&gt;&lt;/a&gt;</msg>
<status status="PASS" starttime="20211024 16:15:44.478" endtime="20211024 16:15:45.690"/>
</kw>
<kw name="Close Application" library="AppiumLibrary">
<doc>Closes the current application and also close webdriver session.</doc>
<status status="PASS" starttime="20211024 16:15:45.691" endtime="20211024 16:15:46.882"/>
</kw>
<status status="PASS" starttime="20211024 16:15:44.478" endtime="20211024 16:15:46.882"/>
</kw>
<tag>SWIPE</tag>
<status status="PASS" starttime="20211024 16:14:53.552" endtime="20211024 16:15:46.883"/>
</test>
<test id="s1-t3" name="Caso de Teste 03: Pesquisar canal “Prime Experts”">
<kw name="Abrir aplicativo" library="hooks" type="SETUP">
<kw name="Set Appium Timeout" library="AppiumLibrary">
<arg>60</arg>
<doc>Sets the timeout in seconds used by various keywords.</doc>
<status status="PASS" starttime="20211024 16:15:46.886" endtime="20211024 16:15:46.887"/>
</kw>
<kw name="Open Application" library="AppiumLibrary">
<arg>${CELULAR}</arg>
<arg>platformName=Android</arg>
<arg>deviceName=R9QR1042KJW</arg>
<arg>automationName=uiautomator2</arg>
<arg>appPackage=com.google.android.youtube</arg>
<arg>appActivity=com.google.android.youtube.HomeActivity</arg>
<arg>autoGrantPermissions=true</arg>
<doc>Opens a new application to given Appium server.
Capabilities of appium server, Android and iOS,
Please check https://github.com/appium/appium/blob/master/docs/en/writing-running-appium/server-args.md
| *Option*            | *Man.* | *Description*     |
| remote_url          | Yes    | Appium server url |
| alias               | no     | alias             |</doc>
<status status="PASS" starttime="20211024 16:15:46.887" endtime="20211024 16:16:03.120"/>
</kw>
<status status="PASS" starttime="20211024 16:15:46.885" endtime="20211024 16:16:03.120"/>
</kw>
<kw name="Dado que o cliente esteja na tela de Home do YouTube" library="kws_mobileautomation">
<kw name="Wait Until Element Is Visible" library="AppiumLibrary">
<arg>xpath=${HOME.BTN_INICIO}</arg>
<doc>Waits until element specified with `locator` is visible.</doc>
<status status="PASS" starttime="20211024 16:16:03.121" endtime="20211024 16:16:08.208"/>
</kw>
<kw name="Wait Until Element Is Visible" library="AppiumLibrary">
<arg>accessibility_id=${HOME.ELEMENT_PAGE_HOME}</arg>
<doc>Waits until element specified with `locator` is visible.</doc>
<status status="PASS" starttime="20211024 16:16:08.209" endtime="20211024 16:16:08.341"/>
</kw>
<status status="PASS" starttime="20211024 16:16:03.121" endtime="20211024 16:16:08.341"/>
</kw>
<kw name="E pesquise um vídeo sobre &quot;Prime Experts&quot;" library="kws_mobileautomation" sourcename="E pesquise um vídeo sobre &quot;${​​​PESQUISA}&quot;">
<kw name="Click Element" library="AppiumLibrary">
<arg>accessibility_id=${HOME.BTN_PESQUISAR}</arg>
<doc>Click element identified by `locator`.</doc>
<msg timestamp="20211024 16:16:08.344" level="INFO">Clicking element 'accessibility_id=Pesquisar'.</msg>
<status status="PASS" starttime="20211024 16:16:08.342" endtime="20211024 16:16:08.567"/>
</kw>
<kw name="Input Text" library="AppiumLibrary">
<arg>id=${HOME.INPUT_PESQUISAR}</arg>
<arg>${​​​PESQUISA}​​​</arg>
<doc>Types the given `text` into text field identified by `locator`.</doc>
<msg timestamp="20211024 16:16:08.571" level="INFO">Typing text 'Prime Experts​​​' into text field 'id=search_edit_text'</msg>
<status status="PASS" starttime="20211024 16:16:08.568" endtime="20211024 16:16:10.197"/>
</kw>
<kw name="Press Keycode" library="AppiumLibrary">
<arg>66</arg>
<doc>Sends a press of keycode to the device.</doc>
<status status="PASS" starttime="20211024 16:16:10.197" endtime="20211024 16:16:11.375"/>
</kw>
<status status="PASS" starttime="20211024 16:16:08.342" endtime="20211024 16:16:11.375"/>
</kw>
<kw name="E acessar o canal da Prime" library="kws_mobileautomation">
<kw name="Wait Until Element Is Visible" library="AppiumLibrary">
<arg>xpath=${PRIME.ACESS_CHANNEL}</arg>
<doc>Waits until element specified with `locator` is visible.</doc>
<status status="PASS" starttime="20211024 16:16:11.376" endtime="20211024 16:16:13.291"/>
</kw>
<kw name="Click Element At Coordinates" library="AppiumLibrary">
<arg>549</arg>
<arg>470</arg>
<doc>click element at a certain coordinate</doc>
<msg timestamp="20211024 16:16:13.293" level="INFO">Pressing at (549, 470).</msg>
<status status="PASS" starttime="20211024 16:16:13.291" endtime="20211024 16:16:14.860"/>
</kw>
<status status="PASS" starttime="20211024 16:16:11.375" endtime="20211024 16:16:14.861"/>
</kw>
<kw name="Quando clicar em Inscrever-se" library="kws_mobileautomation">
<kw name="Wait Until Element Is Visible" library="AppiumLibrary">
<arg>accessibility_id=${PRIME.BTN_INSCREVER}</arg>
<doc>Waits until element specified with `locator` is visible.</doc>
<status status="PASS" starttime="20211024 16:16:14.863" endtime="20211024 16:16:20.508"/>
</kw>
<kw name="Click Element" library="AppiumLibrary">
<arg>accessibility_id=${PRIME.BTN_INSCREVER}</arg>
<doc>Click element identified by `locator`.</doc>
<msg timestamp="20211024 16:16:20.513" level="INFO">Clicking element 'accessibility_id=Inscreva-se em Prime Control.'.</msg>
<status status="PASS" starttime="20211024 16:16:20.509" endtime="20211024 16:16:21.124"/>
</kw>
<status status="PASS" starttime="20211024 16:16:14.862" endtime="20211024 16:16:21.124"/>
</kw>
<kw name="Então será apresentado como Inscrito" library="kws_mobileautomation">
<kw name="Wait Until Element Is Visible" library="AppiumLibrary">
<arg>accessibility_id=${PRIME.BTN_CANCEL_INS}</arg>
<doc>Waits until element specified with `locator` is visible.</doc>
<status status="PASS" starttime="20211024 16:16:21.125" endtime="20211024 16:16:23.325"/>
</kw>
<status status="PASS" starttime="20211024 16:16:21.125" endtime="20211024 16:16:23.325"/>
</kw>
<kw name="Fechar aplicativo" library="hooks" type="TEARDOWN">
<kw name="Capture Page Screenshot" library="AppiumLibrary">
<doc>Takes a screenshot of the current page and embeds it into the log.</doc>
<msg timestamp="20211024 16:16:24.302" level="INFO" html="true">&lt;/td&gt;&lt;/tr&gt;&lt;tr&gt;&lt;td colspan="3"&gt;&lt;a href="appium-screenshot-3.png"&gt;&lt;img src="appium-screenshot-3.png" width="800px"&gt;&lt;/a&gt;</msg>
<status status="PASS" starttime="20211024 16:16:23.326" endtime="20211024 16:16:24.302"/>
</kw>
<kw name="Close Application" library="AppiumLibrary">
<doc>Closes the current application and also close webdriver session.</doc>
<status status="PASS" starttime="20211024 16:16:24.302" endtime="20211024 16:16:25.353"/>
</kw>
<status status="PASS" starttime="20211024 16:16:23.326" endtime="20211024 16:16:25.353"/>
</kw>
<tag>PRIME</tag>
<status status="PASS" starttime="20211024 16:15:46.884" endtime="20211024 16:16:25.353"/>
</test>
<doc>Aqui estará</doc>
<status status="PASS" starttime="20211024 16:13:58.996" endtime="20211024 16:16:25.355"/>
</suite>
<statistics>
<total>
<stat pass="3" fail="0" skip="0">All Tests</stat>
</total>
<tag>
<stat pass="1" fail="0" skip="0">LOGAR</stat>
<stat pass="1" fail="0" skip="0">PRIME</stat>
<stat pass="1" fail="0" skip="0">SWIPE</stat>
</tag>
<suite>
<stat pass="3" fail="0" skip="0" id="s1" name="Mobileautomation">Mobileautomation</stat>
</suite>
</statistics>
<errors>
</errors>
</robot>
